<?xml version="1.0" encoding="UTF-8"?>
<!-- Generated by org.testng.reporters.JUnitReportReporter -->
<testsuite hostname="lin35003850" name="TestNg_practice.Annotation_Demo" tests="4" failures="0" timestamp="10 Sep 2019 17:27:16 GMT" time="0.016" errors="0">
  <testcase name="sub" time="0.000" classname="TestNg_practice.Annotation_Demo"/>
  <testcase name="sum" time="0.000" classname="TestNg_practice.Annotation_Demo"/>
  <testcase name="mul" time="0.016" classname="TestNg_practice.Annotation_Demo"/>
  <testcase name="divide" time="0.000" classname="TestNg_practice.Annotation_Demo"/>
</testsuite> <!-- TestNg_practice.Annotation_Demo -->
